  test.c
d:\git上传目录\4-24\4-24\reg52.h(15): error C2061: 语法错误: 标识符“P0”
d:\git上传目录\4-24\4-24\reg52.h(15): error C2059: 语法错误:“;”
d:\git上传目录\4-24\4-24\reg52.h(15): error C2513: “/*global*/ ”: 在“=”前没有声明变量
d:\git上传目录\4-24\4-24\reg52.h(16): error C2061: 语法错误: 标识符“P1”
d:\git上传目录\4-24\4-24\reg52.h(16): error C2059: 语法错误:“;”
d:\git上传目录\4-24\4-24\reg52.h(16): error C2513: “/*global*/ ”: 在“=”前没有声明变量
d:\git上传目录\4-24\4-24\reg52.h(17): error C2061: 语法错误: 标识符“P2”
d:\git上传目录\4-24\4-24\reg52.h(17): error C2059: 语法错误:“;”
d:\git上传目录\4-24\4-24\reg52.h(17): error C2513: “/*global*/ ”: 在“=”前没有声明变量
d:\git上传目录\4-24\4-24\reg52.h(18): error C2061: 语法错误: 标识符“P3”
d:\git上传目录\4-24\4-24\reg52.h(18): error C2059: 语法错误:“;”
d:\git上传目录\4-24\4-24\reg52.h(18): error C2513: “/*global*/ ”: 在“=”前没有声明变量
d:\git上传目录\4-24\4-24\reg52.h(19): error C2061: 语法错误: 标识符“PSW”
d:\git上传目录\4-24\4-24\reg52.h(19): error C2059: 语法错误:“;”
d:\git上传目录\4-24\4-24\reg52.h(19): error C2513: “/*global*/ ”: 在“=”前没有声明变量
d:\git上传目录\4-24\4-24\reg52.h(20): error C2061: 语法错误: 标识符“ACC”
d:\git上传目录\4-24\4-24\reg52.h(20): error C2059: 语法错误:“;”
d:\git上传目录\4-24\4-24\reg52.h(20): error C2513: “/*global*/ ”: 在“=”前没有声明变量
d:\git上传目录\4-24\4-24\reg52.h(21): error C2061: 语法错误: 标识符“B”
d:\git上传目录\4-24\4-24\reg52.h(21): error C2059: 语法错误:“;”
d:\git上传目录\4-24\4-24\reg52.h(21): error C2513: “/*global*/ ”: 在“=”前没有声明变量
d:\git上传目录\4-24\4-24\reg52.h(22): error C2061: 语法错误: 标识符“SP”
d:\git上传目录\4-24\4-24\reg52.h(22): error C2059: 语法错误:“;”
d:\git上传目录\4-24\4-24\reg52.h(22): error C2513: “/*global*/ ”: 在“=”前没有声明变量
d:\git上传目录\4-24\4-24\reg52.h(23): error C2061: 语法错误: 标识符“DPL”
d:\git上传目录\4-24\4-24\reg52.h(23): error C2059: 语法错误:“;”
d:\git上传目录\4-24\4-24\reg52.h(23): error C2513: “/*global*/ ”: 在“=”前没有声明变量
d:\git上传目录\4-24\4-24\reg52.h(24): error C2061: 语法错误: 标识符“DPH”
d:\git上传目录\4-24\4-24\reg52.h(24): error C2059: 语法错误:“;”
d:\git上传目录\4-24\4-24\reg52.h(24): error C2513: “/*global*/ ”: 在“=”前没有声明变量
d:\git上传目录\4-24\4-24\reg52.h(25): error C2061: 语法错误: 标识符“PCON”
d:\git上传目录\4-24\4-24\reg52.h(25): error C2059: 语法错误:“;”
d:\git上传目录\4-24\4-24\reg52.h(25): error C2513: “/*global*/ ”: 在“=”前没有声明变量
d:\git上传目录\4-24\4-24\reg52.h(26): error C2061: 语法错误: 标识符“TCON”
d:\git上传目录\4-24\4-24\reg52.h(26): error C2059: 语法错误:“;”
d:\git上传目录\4-24\4-24\reg52.h(26): error C2513: “/*global*/ ”: 在“=”前没有声明变量
d:\git上传目录\4-24\4-24\reg52.h(27): error C2061: 语法错误: 标识符“TMOD”
d:\git上传目录\4-24\4-24\reg52.h(27): error C2059: 语法错误:“;”
d:\git上传目录\4-24\4-24\reg52.h(27): error C2513: “/*global*/ ”: 在“=”前没有声明变量
d:\git上传目录\4-24\4-24\reg52.h(28): error C2061: 语法错误: 标识符“TL0”
d:\git上传目录\4-24\4-24\reg52.h(28): error C2059: 语法错误:“;”
d:\git上传目录\4-24\4-24\reg52.h(28): error C2513: “/*global*/ ”: 在“=”前没有声明变量
d:\git上传目录\4-24\4-24\reg52.h(29): error C2061: 语法错误: 标识符“TL1”
d:\git上传目录\4-24\4-24\reg52.h(29): error C2059: 语法错误:“;”
d:\git上传目录\4-24\4-24\reg52.h(29): error C2513: “/*global*/ ”: 在“=”前没有声明变量
d:\git上传目录\4-24\4-24\reg52.h(30): error C2061: 语法错误: 标识符“TH0”
d:\git上传目录\4-24\4-24\reg52.h(30): error C2059: 语法错误:“;”
d:\git上传目录\4-24\4-24\reg52.h(30): error C2513: “/*global*/ ”: 在“=”前没有声明变量
d:\git上传目录\4-24\4-24\reg52.h(31): error C2061: 语法错误: 标识符“TH1”
d:\git上传目录\4-24\4-24\reg52.h(31): error C2059: 语法错误:“;”
d:\git上传目录\4-24\4-24\reg52.h(31): error C2513: “/*global*/ ”: 在“=”前没有声明变量
d:\git上传目录\4-24\4-24\reg52.h(32): error C2061: 语法错误: 标识符“IE”
d:\git上传目录\4-24\4-24\reg52.h(32): error C2059: 语法错误:“;”
d:\git上传目录\4-24\4-24\reg52.h(32): error C2513: “/*global*/ ”: 在“=”前没有声明变量
d:\git上传目录\4-24\4-24\reg52.h(33): error C2061: 语法错误: 标识符“IP”
d:\git上传目录\4-24\4-24\reg52.h(33): error C2059: 语法错误:“;”
d:\git上传目录\4-24\4-24\reg52.h(33): error C2513: “/*global*/ ”: 在“=”前没有声明变量
d:\git上传目录\4-24\4-24\reg52.h(34): error C2061: 语法错误: 标识符“SCON”
d:\git上传目录\4-24\4-24\reg52.h(34): error C2059: 语法错误:“;”
d:\git上传目录\4-24\4-24\reg52.h(34): error C2513: “/*global*/ ”: 在“=”前没有声明变量
d:\git上传目录\4-24\4-24\reg52.h(35): error C2061: 语法错误: 标识符“SBUF”
d:\git上传目录\4-24\4-24\reg52.h(35): error C2059: 语法错误:“;”
d:\git上传目录\4-24\4-24\reg52.h(35): error C2513: “/*global*/ ”: 在“=”前没有声明变量
d:\git上传目录\4-24\4-24\reg52.h(38): error C2061: 语法错误: 标识符“T2CON”
d:\git上传目录\4-24\4-24\reg52.h(38): error C2059: 语法错误:“;”
d:\git上传目录\4-24\4-24\reg52.h(38): error C2513: “/*global*/ ”: 在“=”前没有声明变量
d:\git上传目录\4-24\4-24\reg52.h(39): error C2061: 语法错误: 标识符“RCAP2L”
d:\git上传目录\4-24\4-24\reg52.h(39): error C2059: 语法错误:“;”
d:\git上传目录\4-24\4-24\reg52.h(39): error C2513: “/*global*/ ”: 在“=”前没有声明变量
d:\git上传目录\4-24\4-24\reg52.h(40): error C2061: 语法错误: 标识符“RCAP2H”
d:\git上传目录\4-24\4-24\reg52.h(40): error C2059: 语法错误:“;”
d:\git上传目录\4-24\4-24\reg52.h(40): error C2513: “/*global*/ ”: 在“=”前没有声明变量
d:\git上传目录\4-24\4-24\reg52.h(41): error C2061: 语法错误: 标识符“TL2”
d:\git上传目录\4-24\4-24\reg52.h(41): error C2059: 语法错误:“;”
d:\git上传目录\4-24\4-24\reg52.h(41): error C2513: “/*global*/ ”: 在“=”前没有声明变量
d:\git上传目录\4-24\4-24\reg52.h(42): error C2061: 语法错误: 标识符“TH2”
d:\git上传目录\4-24\4-24\reg52.h(42): error C2059: 语法错误:“;”
d:\git上传目录\4-24\4-24\reg52.h(42): error C2513: “/*global*/ ”: 在“=”前没有声明变量
d:\git上传目录\4-24\4-24\reg52.h(46): error C2061: 语法错误: 标识符“CY”
d:\git上传目录\4-24\4-24\reg52.h(46): error C2059: 语法错误:“;”
d:\git上传目录\4-24\4-24\reg52.h(46): error C2513: “/*global*/ ”: 在“=”前没有声明变量
d:\git上传目录\4-24\4-24\reg52.h(46): error C2065: “PSW”: 未声明的标识符
d:\git上传目录\4-24\4-24\reg52.h(47): error C2061: 语法错误: 标识符“AC”
d:\git上传目录\4-24\4-24\reg52.h(47): error C2059: 语法错误:“;”
d:\git上传目录\4-24\4-24\reg52.h(47): error C2513: “/*global*/ ”: 在“=”前没有声明变量
d:\git上传目录\4-24\4-24\reg52.h(47): error C2065: “PSW”: 未声明的标识符
d:\git上传目录\4-24\4-24\reg52.h(48): error C2061: 语法错误: 标识符“F0”
d:\git上传目录\4-24\4-24\reg52.h(48): error C2059: 语法错误:“;”
d:\git上传目录\4-24\4-24\reg52.h(48): error C2513: “/*global*/ ”: 在“=”前没有声明变量
d:\git上传目录\4-24\4-24\reg52.h(48): error C2065: “PSW”: 未声明的标识符
d:\git上传目录\4-24\4-24\reg52.h(49): error C2061: 语法错误: 标识符“RS1”
d:\git上传目录\4-24\4-24\reg52.h(49): error C2059: 语法错误:“;”
d:\git上传目录\4-24\4-24\reg52.h(49): error C2513: “/*global*/ ”: 在“=”前没有声明变量
d:\git上传目录\4-24\4-24\reg52.h(49): error C2065: “PSW”: 未声明的标识符
d:\git上传目录\4-24\4-24\reg52.h(50): error C2061: 语法错误: 标识符“RS0”
d:\git上传目录\4-24\4-24\reg52.h(50): error C2059: 语法错误:“;”
d:\git上传目录\4-24\4-24\reg52.h(50): error C2513: “/*global*/ ”: 在“=”前没有声明变量
d:\git上传目录\4-24\4-24\reg52.h(50): error C2065: “PSW”: 未声明的标识符
d:\git上传目录\4-24\4-24\reg52.h(51): error C2061: 语法错误: 标识符“OV”
d:\git上传目录\4-24\4-24\reg52.h(51): error C2059: 语法错误:“;”
d:\git上传目录\4-24\4-24\reg52.h(51): error C2513: “/*global*/ ”: 在“=”前没有声明变量
d:\git上传目录\4-24\4-24\reg52.h(51): fatal error C1003: 错误计数超过 100；正在停止编译
